<?xml version="1.0" encoding="UTF-8"?>
<testsuite xmlns:xsi="http://www.w3.org/2001/XMLSchema-instance" xsi:noNamespaceSchemaLocation="https://maven.apache.org/surefire/maven-surefire-plugin/xsd/surefire-test-report.xsd" name="com.tdp.ms.demo.DemoApplicationTests" time="33.256" tests="1" errors="0" skipped="0" failures="0">
  <properties>
    <property name="sun.desktop" value="windows"/>
    <property name="awt.toolkit" value="sun.awt.windows.WToolkit"/>
    <property name="git.tags" value=""/>
    <property name="java.specification.version" value="1.8"/>
    <property name="file.encoding.pkg" value="sun.io"/>
    <property name="sun.cpu.isalist" value="amd64"/>
    <property name="git.build.version" value="0.1.17"/>
    <property name="sun.jnu.encoding" value="Cp1252"/>
    <property name="java.class.path" value="C:\Users\MMOREPAN\groovyws\ms-demo-shared-library\target\test-classes;C:\Users\MMOREPAN\groovyws\ms-demo-shared-library\target\classes;C:\Users\MMOREPAN\.m2\repository\org\springframework\boot\spring-boot-devtools\2.2.1.RELEASE\spring-boot-devtools-2.2.1.RELEASE.jar;C:\Users\MMOREPAN\.m2\repository\com\tdp\genesis\core\genesis-core\1.3.7\genesis-core-1.3.7.jar;C:\Users\MMOREPAN\.m2\repository\com\squareup\okhttp3\okhttp\4.2.2\okhttp-4.2.2.jar;C:\Users\MMOREPAN\.m2\repository\com\squareup\okio\okio\2.2.2\okio-2.2.2.jar;C:\Users\MMOREPAN\.m2\repository\com\squareup\okhttp3\logging-interceptor\4.2.2\logging-interceptor-4.2.2.jar;C:\Users\MMOREPAN\.m2\repository\io\springfox\springfox-bean-validators\2.9.9\springfox-bean-validators-2.9.9.jar;C:\Users\MMOREPAN\.m2\repository\io\springfox\springfox-spring-web\2.9.9\springfox-spring-web-2.9.9.jar;C:\Users\MMOREPAN\.m2\repository\io\springfox\springfox-schema\2.9.9\springfox-schema-2.9.9.jar;C:\Users\MMOREPAN\.m2\repository\io\springfox\springfox-core\2.9.9\springfox-core-2.9.9.jar;C:\Users\MMOREPAN\.m2\repository\net\bytebuddy\byte-buddy\1.10.2\byte-buddy-1.10.2.jar;C:\Users\MMOREPAN\.m2\repository\io\springfox\springfox-spi\2.9.9\springfox-spi-2.9.9.jar;C:\Users\MMOREPAN\.m2\repository\io\springfox\springfox-swagger-common\2.9.9\springfox-swagger-common-2.9.9.jar;C:\Users\MMOREPAN\.m2\repository\org\reactivestreams\reactive-streams\1.0.3\reactive-streams-1.0.3.jar;C:\Users\MMOREPAN\.m2\repository\com\jakewharton\retrofit\retrofit2-reactor-adapter\2.1.0\retrofit2-reactor-adapter-2.1.0.jar;C:\Users\MMOREPAN\.m2\repository\jakarta\jws\jakarta.jws-api\1.1.1\jakarta.jws-api-1.1.1.jar;C:\Users\MMOREPAN\.m2\repository\jakarta\xml\bind\jakarta.xml.bind-api\2.3.2\jakarta.xml.bind-api-2.3.2.jar;C:\Users\MMOREPAN\.m2\repository\jakarta\activation\jakarta.activation-api\1.2.1\jakarta.activation-api-1.2.1.jar;C:\Users\MMOREPAN\.m2\repository\org\jetbrains\kotlin\kotlin-stdlib\1.3.50\kotlin-stdlib-1.3.50.jar;C:\Users\MMOREPAN\.m2\repository\org\jetbrains\kotlin\kotlin-stdlib-common\1.3.50\kotlin-stdlib-common-1.3.50.jar;C:\Users\MMOREPAN\.m2\repository\org\jetbrains\annotations\13.0\annotations-13.0.jar;C:\Users\MMOREPAN\.m2\repository\net\sf\dozer\dozer\5.5.1\dozer-5.5.1.jar;C:\Users\MMOREPAN\.m2\repository\commons-beanutils\commons-beanutils\1.9.1\commons-beanutils-1.9.1.jar;C:\Users\MMOREPAN\.m2\repository\commons-collections\commons-collections\3.2.1\commons-collections-3.2.1.jar;C:\Users\MMOREPAN\.m2\repository\org\slf4j\jcl-over-slf4j\1.7.29\jcl-over-slf4j-1.7.29.jar;C:\Users\MMOREPAN\.m2\repository\org\beanio\beanio\2.1.0\beanio-2.1.0.jar;C:\Users\MMOREPAN\.m2\repository\org\aspectj\aspectjweaver\1.9.4\aspectjweaver-1.9.4.jar;C:\Users\MMOREPAN\.m2\repository\com\github\bohnman\squiggly-filter-jackson\1.3.18\squiggly-filter-jackson-1.3.18.jar;C:\Users\MMOREPAN\.m2\repository\org\antlr\antlr4-runtime\4.6\antlr4-runtime-4.6.jar;C:\Users\MMOREPAN\.m2\repository\net\jcip\jcip-annotations\1.0\jcip-annotations-1.0.jar;C:\Users\MMOREPAN\.m2\repository\org\springframework\ws\spring-ws-core\3.0.8.RELEASE\spring-ws-core-3.0.8.RELEASE.jar;C:\Users\MMOREPAN\.m2\repository\org\springframework\ws\spring-xml\3.0.8.RELEASE\spring-xml-3.0.8.RELEASE.jar;C:\Users\MMOREPAN\.m2\repository\org\springframework\spring-oxm\5.2.1.RELEASE\spring-oxm-5.2.1.RELEASE.jar;C:\Users\MMOREPAN\.m2\repository\org\springframework\spring-webmvc\5.2.1.RELEASE\spring-webmvc-5.2.1.RELEASE.jar;C:\Users\MMOREPAN\.m2\repository\org\springframework\security\spring-security-config\5.2.1.RELEASE\spring-security-config-5.2.1.RELEASE.jar;C:\Users\MMOREPAN\.m2\repository\org\springframework\security\spring-security-core\5.2.1.RELEASE\spring-security-core-5.2.1.RELEASE.jar;C:\Users\MMOREPAN\.m2\repository\org\springframework\security\spring-security-web\5.2.1.RELEASE\spring-security-web-5.2.1.RELEASE.jar;C:\Users\MMOREPAN\.m2\repository\org\springframework\ws\spring-ws-security\3.0.8.RELEASE\spring-ws-security-3.0.8.RELEASE.jar;C:\Users\MMOREPAN\.m2\repository\org\springframework\spring-tx\5.2.1.RELEASE\spring-tx-5.2.1.RELEASE.jar;C:\Users\MMOREPAN\.m2\repository\net\sf\ehcache\ehcache\2.10.6\ehcache-2.10.6.jar;C:\Users\MMOREPAN\.m2\repository\org\apache\wss4j\wss4j-ws-security-dom\2.2.3\wss4j-ws-security-dom-2.2.3.jar;C:\Users\MMOREPAN\.m2\repository\org\apache\wss4j\wss4j-ws-security-common\2.2.3\wss4j-ws-security-common-2.2.3.jar;C:\Users\MMOREPAN\.m2\repository\org\opensaml\opensaml-saml-impl\3.3.0\opensaml-saml-impl-3.3.0.jar;C:\Users\MMOREPAN\.m2\repository\org\opensaml\opensaml-profile-api\3.3.0\opensaml-profile-api-3.3.0.jar;C:\Users\MMOREPAN\.m2\repository\org\opensaml\opensaml-core\3.3.0\opensaml-core-3.3.0.jar;C:\Users\MMOREPAN\.m2\repository\io\dropwizard\metrics\metrics-core\4.1.1\metrics-core-4.1.1.jar;C:\Users\MMOREPAN\.m2\repository\org\opensaml\opensaml-saml-api\3.3.0\opensaml-saml-api-3.3.0.jar;C:\Users\MMOREPAN\.m2\repository\org\opensaml\opensaml-xmlsec-api\3.3.0\opensaml-xmlsec-api-3.3.0.jar;C:\Users\MMOREPAN\.m2\repository\org\opensaml\opensaml-soap-api\3.3.0\opensaml-soap-api-3.3.0.jar;C:\Users\MMOREPAN\.m2\repository\org\opensaml\opensaml-security-impl\3.3.0\opensaml-security-impl-3.3.0.jar;C:\Users\MMOREPAN\.m2\repository\org\opensaml\opensaml-security-api\3.3.0\opensaml-security-api-3.3.0.jar;C:\Users\MMOREPAN\.m2\repository\org\cryptacular\cryptacular\1.1.1\cryptacular-1.1.1.jar;C:\Users\MMOREPAN\.m2\repository\org\bouncycastle\bcprov-jdk15on\1.54\bcprov-jdk15on-1.54.jar;C:\Users\MMOREPAN\.m2\repository\org\opensaml\opensaml-xmlsec-impl\3.3.0\opensaml-xmlsec-impl-3.3.0.jar;C:\Users\MMOREPAN\.m2\repository\net\shibboleth\utilities\java-support\7.3.0\java-support-7.3.0.jar;C:\Users\MMOREPAN\.m2\repository\joda-time\joda-time\2.10.5\joda-time-2.10.5.jar;C:\Users\MMOREPAN\.m2\repository\org\opensaml\opensaml-xacml-impl\3.3.0\opensaml-xacml-impl-3.3.0.jar;C:\Users\MMOREPAN\.m2\repository\org\opensaml\opensaml-xacml-api\3.3.0\opensaml-xacml-api-3.3.0.jar;C:\Users\MMOREPAN\.m2\repository\org\opensaml\opensaml-xacml-saml-impl\3.3.0\opensaml-xacml-saml-impl-3.3.0.jar;C:\Users\MMOREPAN\.m2\repository\org\opensaml\opensaml-xacml-saml-api\3.3.0\opensaml-xacml-saml-api-3.3.0.jar;C:\Users\MMOREPAN\.m2\repository\org\jasypt\jasypt\1.9.2\jasypt-1.9.2.jar;C:\Users\MMOREPAN\.m2\repository\org\apache\geronimo\javamail\geronimo-javamail_1.4_mail\1.8.4\geronimo-javamail_1.4_mail-1.8.4.jar;C:\Users\MMOREPAN\.m2\repository\org\apache\santuario\xmlsec\2.1.4\xmlsec-2.1.4.jar;C:\Users\MMOREPAN\.m2\repository\com\fasterxml\woodstox\woodstox-core\5.0.3\woodstox-core-5.0.3.jar;C:\Users\MMOREPAN\.m2\repository\org\codehaus\woodstox\stax2-api\3.1.4\stax2-api-3.1.4.jar;C:\Users\MMOREPAN\.m2\repository\commons-codec\commons-codec\1.13\commons-codec-1.13.jar;C:\Users\MMOREPAN\.m2\repository\org\springframework\boot\spring-boot-starter-validation\2.2.1.RELEASE\spring-boot-starter-validation-2.2.1.RELEASE.jar;C:\Users\MMOREPAN\.m2\repository\org\apache\tomcat\embed\tomcat-embed-el\9.0.27\tomcat-embed-el-9.0.27.jar;C:\Users\MMOREPAN\.m2\repository\org\hibernate\validator\hibernate-validator\6.0.18.Final\hibernate-validator-6.0.18.Final.jar;C:\Users\MMOREPAN\.m2\repository\org\jboss\logging\jboss-logging\3.4.1.Final\jboss-logging-3.4.1.Final.jar;C:\Users\MMOREPAN\.m2\repository\com\fasterxml\jackson\core\jackson-databind\2.10.0\jackson-databind-2.10.0.jar;C:\Users\MMOREPAN\.m2\repository\com\fasterxml\jackson\core\jackson-annotations\2.10.0\jackson-annotations-2.10.0.jar;C:\Users\MMOREPAN\.m2\repository\com\fasterxml\jackson\core\jackson-core\2.10.0\jackson-core-2.10.0.jar;C:\Users\MMOREPAN\.m2\repository\com\fasterxml\jackson\datatype\jackson-datatype-jdk8\2.10.0\jackson-datatype-jdk8-2.10.0.jar;C:\Users\MMOREPAN\.m2\repository\com\fasterxml\jackson\datatype\jackson-datatype-jsr310\2.10.0\jackson-datatype-jsr310-2.10.0.jar;C:\Users\MMOREPAN\.m2\repository\com\fasterxml\classmate\1.5.1\classmate-1.5.1.jar;C:\Users\MMOREPAN\.m2\repository\com\google\code\findbugs\annotations\3.0.1\annotations-3.0.1.jar;C:\Users\MMOREPAN\.m2\repository\com\squareup\retrofit2\retrofit\2.6.2\retrofit-2.6.2.jar;C:\Users\MMOREPAN\.m2\repository\com\squareup\retrofit2\converter-jackson\2.6.2\converter-jackson-2.6.2.jar;C:\Users\MMOREPAN\.m2\repository\io\github\resilience4j\resilience4j-retrofit\1.1.0\resilience4j-retrofit-1.1.0.jar;C:\Users\MMOREPAN\.m2\repository\io\vavr\vavr\0.10.0\vavr-0.10.0.jar;C:\Users\MMOREPAN\.m2\repository\io\vavr\vavr-match\0.10.0\vavr-match-0.10.0.jar;C:\Users\MMOREPAN\.m2\repository\io\github\resilience4j\resilience4j-ratelimiter\1.1.0\resilience4j-ratelimiter-1.1.0.jar;C:\Users\MMOREPAN\.m2\repository\io\github\resilience4j\resilience4j-circuitbreaker\1.1.0\resilience4j-circuitbreaker-1.1.0.jar;C:\Users\MMOREPAN\.m2\repository\io\github\resilience4j\resilience4j-core\1.1.0\resilience4j-core-1.1.0.jar;C:\Users\MMOREPAN\.m2\repository\io\github\resilience4j\resilience4j-reactor\1.1.0\resilience4j-reactor-1.1.0.jar;C:\Users\MMOREPAN\.m2\repository\org\apache\commons\commons-lang3\3.8.1\commons-lang3-3.8.1.jar;C:\Users\MMOREPAN\.m2\repository\commons-io\commons-io\2.6\commons-io-2.6.jar;C:\Users\MMOREPAN\.m2\repository\com\tdp\genesis\starter\web\genesis-starter-web\1.3.7\genesis-starter-web-1.3.7.jar;C:\Users\MMOREPAN\.m2\repository\com\tdp\genesis\core\support\genesis-support\1.3.7\genesis-support-1.3.7.jar;C:\Users\MMOREPAN\.m2\repository\org\springframework\cloud\spring-cloud-context\2.2.0.RC1\spring-cloud-context-2.2.0.RC1.jar;C:\Users\MMOREPAN\.m2\repository\org\springframework\security\spring-security-crypto\5.2.1.RELEASE\spring-security-crypto-5.2.1.RELEASE.jar;C:\Users\MMOREPAN\.m2\repository\org\springframework\spring-core\5.2.1.RELEASE\spring-core-5.2.1.RELEASE.jar;C:\Users\MMOREPAN\.m2\repository\org\springframework\spring-jcl\5.2.1.RELEASE\spring-jcl-5.2.1.RELEASE.jar;C:\Users\MMOREPAN\.m2\repository\io\projectreactor\reactor-core\3.3.0.RELEASE\reactor-core-3.3.0.RELEASE.jar;C:\Users\MMOREPAN\.m2\repository\io\springfox\springfox-spring-webflux\2.9.9\springfox-spring-webflux-2.9.9.jar;C:\Users\MMOREPAN\.m2\repository\org\reflections\reflections\0.9.11\reflections-0.9.11.jar;C:\Users\MMOREPAN\.m2\repository\org\javassist\javassist\3.21.0-GA\javassist-3.21.0-GA.jar;C:\Users\MMOREPAN\.m2\repository\org\springframework\plugin\spring-plugin-core\1.2.0.RELEASE\spring-plugin-core-1.2.0.RELEASE.jar;C:\Users\MMOREPAN\.m2\repository\org\springframework\plugin\spring-plugin-metadata\1.2.0.RELEASE\spring-plugin-metadata-1.2.0.RELEASE.jar;C:\Users\MMOREPAN\.m2\repository\io\springfox\springfox-swagger2\2.9.9\springfox-swagger2-2.9.9.jar;C:\Users\MMOREPAN\.m2\repository\io\swagger\swagger-models\1.5.14\swagger-models-1.5.14.jar;C:\Users\MMOREPAN\.m2\repository\org\mapstruct\mapstruct\1.2.0.Final\mapstruct-1.2.0.Final.jar;C:\Users\MMOREPAN\.m2\repository\io\springfox\springfox-swagger-ui\2.9.9\springfox-swagger-ui-2.9.9.jar;C:\Users\MMOREPAN\.m2\repository\jakarta\validation\jakarta.validation-api\2.0.1\jakarta.validation-api-2.0.1.jar;C:\Users\MMOREPAN\.m2\repository\javax\validation\validation-api\2.0.1.Final\validation-api-2.0.1.Final.jar;C:\Users\MMOREPAN\.m2\repository\org\springframework\spring-beans\5.2.1.RELEASE\spring-beans-5.2.1.RELEASE.jar;C:\Users\MMOREPAN\.m2\repository\org\springframework\spring-context\5.2.1.RELEASE\spring-context-5.2.1.RELEASE.jar;C:\Users\MMOREPAN\.m2\repository\org\springframework\spring-aop\5.2.1.RELEASE\spring-aop-5.2.1.RELEASE.jar;C:\Users\MMOREPAN\.m2\repository\org\springframework\spring-expression\5.2.1.RELEASE\spring-expression-5.2.1.RELEASE.jar;C:\Users\MMOREPAN\.m2\repository\org\springframework\spring-web\5.2.1.RELEASE\spring-web-5.2.1.RELEASE.jar;C:\Users\MMOREPAN\.m2\repository\org\springframework\spring-webflux\5.2.1.RELEASE\spring-webflux-5.2.1.RELEASE.jar;C:\Users\MMOREPAN\.m2\repository\org\springframework\boot\spring-boot\2.2.1.RELEASE\spring-boot-2.2.1.RELEASE.jar;C:\Users\MMOREPAN\.m2\repository\org\springframework\boot\spring-boot-autoconfigure\2.2.1.RELEASE\spring-boot-autoconfigure-2.2.1.RELEASE.jar;C:\Users\MMOREPAN\.m2\repository\org\springframework\boot\spring-boot-starter\2.2.1.RELEASE\spring-boot-starter-2.2.1.RELEASE.jar;C:\Users\MMOREPAN\.m2\repository\org\springframework\boot\spring-boot-starter-logging\2.2.1.RELEASE\spring-boot-starter-logging-2.2.1.RELEASE.jar;C:\Users\MMOREPAN\.m2\repository\ch\qos\logback\logback-classic\1.2.3\logback-classic-1.2.3.jar;C:\Users\MMOREPAN\.m2\repository\ch\qos\logback\logback-core\1.2.3\logback-core-1.2.3.jar;C:\Users\MMOREPAN\.m2\repository\org\apache\logging\log4j\log4j-to-slf4j\2.12.1\log4j-to-slf4j-2.12.1.jar;C:\Users\MMOREPAN\.m2\repository\org\apache\logging\log4j\log4j-api\2.12.1\log4j-api-2.12.1.jar;C:\Users\MMOREPAN\.m2\repository\org\slf4j\jul-to-slf4j\1.7.29\jul-to-slf4j-1.7.29.jar;C:\Users\MMOREPAN\.m2\repository\jakarta\annotation\jakarta.annotation-api\1.3.5\jakarta.annotation-api-1.3.5.jar;C:\Users\MMOREPAN\.m2\repository\org\yaml\snakeyaml\1.25\snakeyaml-1.25.jar;C:\Users\MMOREPAN\.m2\repository\org\springframework\boot\spring-boot-starter-actuator\2.2.1.RELEASE\spring-boot-starter-actuator-2.2.1.RELEASE.jar;C:\Users\MMOREPAN\.m2\repository\org\springframework\boot\spring-boot-actuator-autoconfigure\2.2.1.RELEASE\spring-boot-actuator-autoconfigure-2.2.1.RELEASE.jar;C:\Users\MMOREPAN\.m2\repository\org\springframework\boot\spring-boot-actuator\2.2.1.RELEASE\spring-boot-actuator-2.2.1.RELEASE.jar;C:\Users\MMOREPAN\.m2\repository\io\micrometer\micrometer-core\1.3.1\micrometer-core-1.3.1.jar;C:\Users\MMOREPAN\.m2\repository\org\hdrhistogram\HdrHistogram\2.1.11\HdrHistogram-2.1.11.jar;C:\Users\MMOREPAN\.m2\repository\org\latencyutils\LatencyUtils\2.0.3\LatencyUtils-2.0.3.jar;C:\Users\MMOREPAN\.m2\repository\org\springframework\boot\spring-boot-starter-webflux\2.2.1.RELEASE\spring-boot-starter-webflux-2.2.1.RELEASE.jar;C:\Users\MMOREPAN\.m2\repository\org\springframework\boot\spring-boot-starter-json\2.2.1.RELEASE\spring-boot-starter-json-2.2.1.RELEASE.jar;C:\Users\MMOREPAN\.m2\repository\com\fasterxml\jackson\module\jackson-module-parameter-names\2.10.0\jackson-module-parameter-names-2.10.0.jar;C:\Users\MMOREPAN\.m2\repository\org\springframework\boot\spring-boot-starter-reactor-netty\2.2.1.RELEASE\spring-boot-starter-reactor-netty-2.2.1.RELEASE.jar;C:\Users\MMOREPAN\.m2\repository\io\projectreactor\netty\reactor-netty\0.9.1.RELEASE\reactor-netty-0.9.1.RELEASE.jar;C:\Users\MMOREPAN\.m2\repository\io\netty\netty-codec-http\4.1.43.Final\netty-codec-http-4.1.43.Final.jar;C:\Users\MMOREPAN\.m2\repository\io\netty\netty-common\4.1.43.Final\netty-common-4.1.43.Final.jar;C:\Users\MMOREPAN\.m2\repository\io\netty\netty-buffer\4.1.43.Final\netty-buffer-4.1.43.Final.jar;C:\Users\MMOREPAN\.m2\repository\io\netty\netty-transport\4.1.43.Final\netty-transport-4.1.43.Final.jar;C:\Users\MMOREPAN\.m2\repository\io\netty\netty-resolver\4.1.43.Final\netty-resolver-4.1.43.Final.jar;C:\Users\MMOREPAN\.m2\repository\io\netty\netty-codec\4.1.43.Final\netty-codec-4.1.43.Final.jar;C:\Users\MMOREPAN\.m2\repository\io\netty\netty-codec-http2\4.1.43.Final\netty-codec-http2-4.1.43.Final.jar;C:\Users\MMOREPAN\.m2\repository\io\netty\netty-handler\4.1.43.Final\netty-handler-4.1.43.Final.jar;C:\Users\MMOREPAN\.m2\repository\io\netty\netty-handler-proxy\4.1.43.Final\netty-handler-proxy-4.1.43.Final.jar;C:\Users\MMOREPAN\.m2\repository\io\netty\netty-codec-socks\4.1.43.Final\netty-codec-socks-4.1.43.Final.jar;C:\Users\MMOREPAN\.m2\repository\io\netty\netty-transport-native-epoll\4.1.43.Final\netty-transport-native-epoll-4.1.43.Final-linux-x86_64.jar;C:\Users\MMOREPAN\.m2\repository\io\netty\netty-transport-native-unix-common\4.1.43.Final\netty-transport-native-unix-common-4.1.43.Final.jar;C:\Users\MMOREPAN\.m2\repository\org\glassfish\jakarta.el\3.0.3\jakarta.el-3.0.3.jar;C:\Users\MMOREPAN\.m2\repository\org\synchronoss\cloud\nio-multipart-parser\1.1.0\nio-multipart-parser-1.1.0.jar;C:\Users\MMOREPAN\.m2\repository\org\synchronoss\cloud\nio-stream-storage\1.1.3\nio-stream-storage-1.1.3.jar;C:\Users\MMOREPAN\.m2\repository\org\projectlombok\lombok\1.18.10\lombok-1.18.10.jar;C:\Users\MMOREPAN\.m2\repository\org\junit\jupiter\junit-jupiter-api\5.5.2\junit-jupiter-api-5.5.2.jar;C:\Users\MMOREPAN\.m2\repository\org\apiguardian\apiguardian-api\1.1.0\apiguardian-api-1.1.0.jar;C:\Users\MMOREPAN\.m2\repository\org\opentest4j\opentest4j\1.2.0\opentest4j-1.2.0.jar;C:\Users\MMOREPAN\.m2\repository\org\junit\platform\junit-platform-commons\1.5.2\junit-platform-commons-1.5.2.jar;C:\Users\MMOREPAN\.m2\repository\org\hamcrest\hamcrest-core\2.1\hamcrest-core-2.1.jar;C:\Users\MMOREPAN\.m2\repository\org\hamcrest\hamcrest\2.1\hamcrest-2.1.jar;C:\Users\MMOREPAN\.m2\repository\org\springframework\boot\spring-boot-starter-test\2.2.1.RELEASE\spring-boot-starter-test-2.2.1.RELEASE.jar;C:\Users\MMOREPAN\.m2\repository\com\jayway\jsonpath\json-path\2.4.0\json-path-2.4.0.jar;C:\Users\MMOREPAN\.m2\repository\net\minidev\json-smart\2.3\json-smart-2.3.jar;C:\Users\MMOREPAN\.m2\repository\net\minidev\accessors-smart\1.2\accessors-smart-1.2.jar;C:\Users\MMOREPAN\.m2\repository\org\ow2\asm\asm\5.0.4\asm-5.0.4.jar;C:\Users\MMOREPAN\.m2\repository\org\junit\jupiter\junit-jupiter\5.5.2\junit-jupiter-5.5.2.jar;C:\Users\MMOREPAN\.m2\repository\org\junit\jupiter\junit-jupiter-params\5.5.2\junit-jupiter-params-5.5.2.jar;C:\Users\MMOREPAN\.m2\repository\org\junit\jupiter\junit-jupiter-engine\5.5.2\junit-jupiter-engine-5.5.2.jar;C:\Users\MMOREPAN\.m2\repository\org\junit\platform\junit-platform-engine\1.5.2\junit-platform-engine-1.5.2.jar;C:\Users\MMOREPAN\.m2\repository\org\mockito\mockito-junit-jupiter\3.1.0\mockito-junit-jupiter-3.1.0.jar;C:\Users\MMOREPAN\.m2\repository\org\assertj\assertj-core\3.13.2\assertj-core-3.13.2.jar;C:\Users\MMOREPAN\.m2\repository\org\mockito\mockito-core\3.1.0\mockito-core-3.1.0.jar;C:\Users\MMOREPAN\.m2\repository\net\bytebuddy\byte-buddy-agent\1.10.2\byte-buddy-agent-1.10.2.jar;C:\Users\MMOREPAN\.m2\repository\org\objenesis\objenesis\2.6\objenesis-2.6.jar;C:\Users\MMOREPAN\.m2\repository\org\skyscreamer\jsonassert\1.5.0\jsonassert-1.5.0.jar;C:\Users\MMOREPAN\.m2\repository\com\vaadin\external\google\android-json\0.0.20131108.vaadin1\android-json-0.0.20131108.vaadin1.jar;C:\Users\MMOREPAN\.m2\repository\org\xmlunit\xmlunit-core\2.6.3\xmlunit-core-2.6.3.jar;C:\Users\MMOREPAN\.m2\repository\org\springframework\boot\spring-boot-test\2.2.1.RELEASE\spring-boot-test-2.2.1.RELEASE.jar;C:\Users\MMOREPAN\.m2\repository\org\springframework\boot\spring-boot-test-autoconfigure\2.2.1.RELEASE\spring-boot-test-autoconfigure-2.2.1.RELEASE.jar;C:\Users\MMOREPAN\.m2\repository\org\springframework\spring-test\5.2.1.RELEASE\spring-test-5.2.1.RELEASE.jar;C:\Users\MMOREPAN\.m2\repository\io\swagger\swagger-annotations\1.5.24\swagger-annotations-1.5.24.jar;C:\Users\MMOREPAN\.m2\repository\org\slf4j\slf4j-api\1.7.29\slf4j-api-1.7.29.jar;C:\Users\MMOREPAN\.m2\repository\com\google\guava\guava\24.0-jre\guava-24.0-jre.jar;C:\Users\MMOREPAN\.m2\repository\com\google\code\findbugs\jsr305\1.3.9\jsr305-1.3.9.jar;C:\Users\MMOREPAN\.m2\repository\org\checkerframework\checker-compat-qual\2.0.0\checker-compat-qual-2.0.0.jar;C:\Users\MMOREPAN\.m2\repository\com\google\errorprone\error_prone_annotations\2.1.3\error_prone_annotations-2.1.3.jar;C:\Users\MMOREPAN\.m2\repository\com\google\j2objc\j2objc-annotations\1.1\j2objc-annotations-1.1.jar;C:\Users\MMOREPAN\.m2\repository\org\codehaus\mojo\animal-sniffer-annotations\1.14\animal-sniffer-annotations-1.14.jar;"/>
    <property name="git.branch" value="develop"/>
    <property name="java.vm.vendor" value="Oracle Corporation"/>
    <property name="sun.arch.data.model" value="64"/>
    <property name="user.variant" value=""/>
    <property name="git.commit.id" value="257f51af9a9c313388c20762451f1105ca23e2e4"/>
    <property name="java.vendor.url" value="http://java.oracle.com/"/>
    <property name="user.timezone" value="America/Bogota"/>
    <property name="os.name" value="Windows 10"/>
    <property name="java.vm.specification.version" value="1.8"/>
    <property name="sun.java.launcher" value="SUN_STANDARD"/>
    <property name="user.country" value="ES"/>
    <property name="sun.boot.library.path" value="C:\Program Files\Java\jdk1.8.0_191\jre\bin"/>
    <property name="sun.java.command" value="C:\Users\MMOREPAN\AppData\Local\Temp\surefire4612760954082857547\surefirebooter6171906984327503889.jar C:\Users\MMOREPAN\AppData\Local\Temp\surefire4612760954082857547 2020-10-14T07-07-25_766-jvmRun1 surefire8326009991652670345tmp surefire_01897103515457615109tmp"/>
    <property name="surefire.test.class.path" value="C:\Users\MMOREPAN\groovyws\ms-demo-shared-library\target\test-classes;C:\Users\MMOREPAN\groovyws\ms-demo-shared-library\target\classes;C:\Users\MMOREPAN\.m2\repository\org\springframework\boot\spring-boot-devtools\2.2.1.RELEASE\spring-boot-devtools-2.2.1.RELEASE.jar;C:\Users\MMOREPAN\.m2\repository\com\tdp\genesis\core\genesis-core\1.3.7\genesis-core-1.3.7.jar;C:\Users\MMOREPAN\.m2\repository\com\squareup\okhttp3\okhttp\4.2.2\okhttp-4.2.2.jar;C:\Users\MMOREPAN\.m2\repository\com\squareup\okio\okio\2.2.2\okio-2.2.2.jar;C:\Users\MMOREPAN\.m2\repository\com\squareup\okhttp3\logging-interceptor\4.2.2\logging-interceptor-4.2.2.jar;C:\Users\MMOREPAN\.m2\repository\io\springfox\springfox-bean-validators\2.9.9\springfox-bean-validators-2.9.9.jar;C:\Users\MMOREPAN\.m2\repository\io\springfox\springfox-spring-web\2.9.9\springfox-spring-web-2.9.9.jar;C:\Users\MMOREPAN\.m2\repository\io\springfox\springfox-schema\2.9.9\springfox-schema-2.9.9.jar;C:\Users\MMOREPAN\.m2\repository\io\springfox\springfox-core\2.9.9\springfox-core-2.9.9.jar;C:\Users\MMOREPAN\.m2\repository\net\bytebuddy\byte-buddy\1.10.2\byte-buddy-1.10.2.jar;C:\Users\MMOREPAN\.m2\repository\io\springfox\springfox-spi\2.9.9\springfox-spi-2.9.9.jar;C:\Users\MMOREPAN\.m2\repository\io\springfox\springfox-swagger-common\2.9.9\springfox-swagger-common-2.9.9.jar;C:\Users\MMOREPAN\.m2\repository\org\reactivestreams\reactive-streams\1.0.3\reactive-streams-1.0.3.jar;C:\Users\MMOREPAN\.m2\repository\com\jakewharton\retrofit\retrofit2-reactor-adapter\2.1.0\retrofit2-reactor-adapter-2.1.0.jar;C:\Users\MMOREPAN\.m2\repository\jakarta\jws\jakarta.jws-api\1.1.1\jakarta.jws-api-1.1.1.jar;C:\Users\MMOREPAN\.m2\repository\jakarta\xml\bind\jakarta.xml.bind-api\2.3.2\jakarta.xml.bind-api-2.3.2.jar;C:\Users\MMOREPAN\.m2\repository\jakarta\activation\jakarta.activation-api\1.2.1\jakarta.activation-api-1.2.1.jar;C:\Users\MMOREPAN\.m2\repository\org\jetbrains\kotlin\kotlin-stdlib\1.3.50\kotlin-stdlib-1.3.50.jar;C:\Users\MMOREPAN\.m2\repository\org\jetbrains\kotlin\kotlin-stdlib-common\1.3.50\kotlin-stdlib-common-1.3.50.jar;C:\Users\MMOREPAN\.m2\repository\org\jetbrains\annotations\13.0\annotations-13.0.jar;C:\Users\MMOREPAN\.m2\repository\net\sf\dozer\dozer\5.5.1\dozer-5.5.1.jar;C:\Users\MMOREPAN\.m2\repository\commons-beanutils\commons-beanutils\1.9.1\commons-beanutils-1.9.1.jar;C:\Users\MMOREPAN\.m2\repository\commons-collections\commons-collections\3.2.1\commons-collections-3.2.1.jar;C:\Users\MMOREPAN\.m2\repository\org\slf4j\jcl-over-slf4j\1.7.29\jcl-over-slf4j-1.7.29.jar;C:\Users\MMOREPAN\.m2\repository\org\beanio\beanio\2.1.0\beanio-2.1.0.jar;C:\Users\MMOREPAN\.m2\repository\org\aspectj\aspectjweaver\1.9.4\aspectjweaver-1.9.4.jar;C:\Users\MMOREPAN\.m2\repository\com\github\bohnman\squiggly-filter-jackson\1.3.18\squiggly-filter-jackson-1.3.18.jar;C:\Users\MMOREPAN\.m2\repository\org\antlr\antlr4-runtime\4.6\antlr4-runtime-4.6.jar;C:\Users\MMOREPAN\.m2\repository\net\jcip\jcip-annotations\1.0\jcip-annotations-1.0.jar;C:\Users\MMOREPAN\.m2\repository\org\springframework\ws\spring-ws-core\3.0.8.RELEASE\spring-ws-core-3.0.8.RELEASE.jar;C:\Users\MMOREPAN\.m2\repository\org\springframework\ws\spring-xml\3.0.8.RELEASE\spring-xml-3.0.8.RELEASE.jar;C:\Users\MMOREPAN\.m2\repository\org\springframework\spring-oxm\5.2.1.RELEASE\spring-oxm-5.2.1.RELEASE.jar;C:\Users\MMOREPAN\.m2\repository\org\springframework\spring-webmvc\5.2.1.RELEASE\spring-webmvc-5.2.1.RELEASE.jar;C:\Users\MMOREPAN\.m2\repository\org\springframework\security\spring-security-config\5.2.1.RELEASE\spring-security-config-5.2.1.RELEASE.jar;C:\Users\MMOREPAN\.m2\repository\org\springframework\security\spring-security-core\5.2.1.RELEASE\spring-security-core-5.2.1.RELEASE.jar;C:\Users\MMOREPAN\.m2\repository\org\springframework\security\spring-security-web\5.2.1.RELEASE\spring-security-web-5.2.1.RELEASE.jar;C:\Users\MMOREPAN\.m2\repository\org\springframework\ws\spring-ws-security\3.0.8.RELEASE\spring-ws-security-3.0.8.RELEASE.jar;C:\Users\MMOREPAN\.m2\repository\org\springframework\spring-tx\5.2.1.RELEASE\spring-tx-5.2.1.RELEASE.jar;C:\Users\MMOREPAN\.m2\repository\net\sf\ehcache\ehcache\2.10.6\ehcache-2.10.6.jar;C:\Users\MMOREPAN\.m2\repository\org\apache\wss4j\wss4j-ws-security-dom\2.2.3\wss4j-ws-security-dom-2.2.3.jar;C:\Users\MMOREPAN\.m2\repository\org\apache\wss4j\wss4j-ws-security-common\2.2.3\wss4j-ws-security-common-2.2.3.jar;C:\Users\MMOREPAN\.m2\repository\org\opensaml\opensaml-saml-impl\3.3.0\opensaml-saml-impl-3.3.0.jar;C:\Users\MMOREPAN\.m2\repository\org\opensaml\opensaml-profile-api\3.3.0\opensaml-profile-api-3.3.0.jar;C:\Users\MMOREPAN\.m2\repository\org\opensaml\opensaml-core\3.3.0\opensaml-core-3.3.0.jar;C:\Users\MMOREPAN\.m2\repository\io\dropwizard\metrics\metrics-core\4.1.1\metrics-core-4.1.1.jar;C:\Users\MMOREPAN\.m2\repository\org\opensaml\opensaml-saml-api\3.3.0\opensaml-saml-api-3.3.0.jar;C:\Users\MMOREPAN\.m2\repository\org\opensaml\opensaml-xmlsec-api\3.3.0\opensaml-xmlsec-api-3.3.0.jar;C:\Users\MMOREPAN\.m2\repository\org\opensaml\opensaml-soap-api\3.3.0\opensaml-soap-api-3.3.0.jar;C:\Users\MMOREPAN\.m2\repository\org\opensaml\opensaml-security-impl\3.3.0\opensaml-security-impl-3.3.0.jar;C:\Users\MMOREPAN\.m2\repository\org\opensaml\opensaml-security-api\3.3.0\opensaml-security-api-3.3.0.jar;C:\Users\MMOREPAN\.m2\repository\org\cryptacular\cryptacular\1.1.1\cryptacular-1.1.1.jar;C:\Users\MMOREPAN\.m2\repository\org\bouncycastle\bcprov-jdk15on\1.54\bcprov-jdk15on-1.54.jar;C:\Users\MMOREPAN\.m2\repository\org\opensaml\opensaml-xmlsec-impl\3.3.0\opensaml-xmlsec-impl-3.3.0.jar;C:\Users\MMOREPAN\.m2\repository\net\shibboleth\utilities\java-support\7.3.0\java-support-7.3.0.jar;C:\Users\MMOREPAN\.m2\repository\joda-time\joda-time\2.10.5\joda-time-2.10.5.jar;C:\Users\MMOREPAN\.m2\repository\org\opensaml\opensaml-xacml-impl\3.3.0\opensaml-xacml-impl-3.3.0.jar;C:\Users\MMOREPAN\.m2\repository\org\opensaml\opensaml-xacml-api\3.3.0\opensaml-xacml-api-3.3.0.jar;C:\Users\MMOREPAN\.m2\repository\org\opensaml\opensaml-xacml-saml-impl\3.3.0\opensaml-xacml-saml-impl-3.3.0.jar;C:\Users\MMOREPAN\.m2\repository\org\opensaml\opensaml-xacml-saml-api\3.3.0\opensaml-xacml-saml-api-3.3.0.jar;C:\Users\MMOREPAN\.m2\repository\org\jasypt\jasypt\1.9.2\jasypt-1.9.2.jar;C:\Users\MMOREPAN\.m2\repository\org\apache\geronimo\javamail\geronimo-javamail_1.4_mail\1.8.4\geronimo-javamail_1.4_mail-1.8.4.jar;C:\Users\MMOREPAN\.m2\repository\org\apache\santuario\xmlsec\2.1.4\xmlsec-2.1.4.jar;C:\Users\MMOREPAN\.m2\repository\com\fasterxml\woodstox\woodstox-core\5.0.3\woodstox-core-5.0.3.jar;C:\Users\MMOREPAN\.m2\repository\org\codehaus\woodstox\stax2-api\3.1.4\stax2-api-3.1.4.jar;C:\Users\MMOREPAN\.m2\repository\commons-codec\commons-codec\1.13\commons-codec-1.13.jar;C:\Users\MMOREPAN\.m2\repository\org\springframework\boot\spring-boot-starter-validation\2.2.1.RELEASE\spring-boot-starter-validation-2.2.1.RELEASE.jar;C:\Users\MMOREPAN\.m2\repository\org\apache\tomcat\embed\tomcat-embed-el\9.0.27\tomcat-embed-el-9.0.27.jar;C:\Users\MMOREPAN\.m2\repository\org\hibernate\validator\hibernate-validator\6.0.18.Final\hibernate-validator-6.0.18.Final.jar;C:\Users\MMOREPAN\.m2\repository\org\jboss\logging\jboss-logging\3.4.1.Final\jboss-logging-3.4.1.Final.jar;C:\Users\MMOREPAN\.m2\repository\com\fasterxml\jackson\core\jackson-databind\2.10.0\jackson-databind-2.10.0.jar;C:\Users\MMOREPAN\.m2\repository\com\fasterxml\jackson\core\jackson-annotations\2.10.0\jackson-annotations-2.10.0.jar;C:\Users\MMOREPAN\.m2\repository\com\fasterxml\jackson\core\jackson-core\2.10.0\jackson-core-2.10.0.jar;C:\Users\MMOREPAN\.m2\repository\com\fasterxml\jackson\datatype\jackson-datatype-jdk8\2.10.0\jackson-datatype-jdk8-2.10.0.jar;C:\Users\MMOREPAN\.m2\repository\com\fasterxml\jackson\datatype\jackson-datatype-jsr310\2.10.0\jackson-datatype-jsr310-2.10.0.jar;C:\Users\MMOREPAN\.m2\repository\com\fasterxml\classmate\1.5.1\classmate-1.5.1.jar;C:\Users\MMOREPAN\.m2\repository\com\google\code\findbugs\annotations\3.0.1\annotations-3.0.1.jar;C:\Users\MMOREPAN\.m2\repository\com\squareup\retrofit2\retrofit\2.6.2\retrofit-2.6.2.jar;C:\Users\MMOREPAN\.m2\repository\com\squareup\retrofit2\converter-jackson\2.6.2\converter-jackson-2.6.2.jar;C:\Users\MMOREPAN\.m2\repository\io\github\resilience4j\resilience4j-retrofit\1.1.0\resilience4j-retrofit-1.1.0.jar;C:\Users\MMOREPAN\.m2\repository\io\vavr\vavr\0.10.0\vavr-0.10.0.jar;C:\Users\MMOREPAN\.m2\repository\io\vavr\vavr-match\0.10.0\vavr-match-0.10.0.jar;C:\Users\MMOREPAN\.m2\repository\io\github\resilience4j\resilience4j-ratelimiter\1.1.0\resilience4j-ratelimiter-1.1.0.jar;C:\Users\MMOREPAN\.m2\repository\io\github\resilience4j\resilience4j-circuitbreaker\1.1.0\resilience4j-circuitbreaker-1.1.0.jar;C:\Users\MMOREPAN\.m2\repository\io\github\resilience4j\resilience4j-core\1.1.0\resilience4j-core-1.1.0.jar;C:\Users\MMOREPAN\.m2\repository\io\github\resilience4j\resilience4j-reactor\1.1.0\resilience4j-reactor-1.1.0.jar;C:\Users\MMOREPAN\.m2\repository\org\apache\commons\commons-lang3\3.8.1\commons-lang3-3.8.1.jar;C:\Users\MMOREPAN\.m2\repository\commons-io\commons-io\2.6\commons-io-2.6.jar;C:\Users\MMOREPAN\.m2\repository\com\tdp\genesis\starter\web\genesis-starter-web\1.3.7\genesis-starter-web-1.3.7.jar;C:\Users\MMOREPAN\.m2\repository\com\tdp\genesis\core\support\genesis-support\1.3.7\genesis-support-1.3.7.jar;C:\Users\MMOREPAN\.m2\repository\org\springframework\cloud\spring-cloud-context\2.2.0.RC1\spring-cloud-context-2.2.0.RC1.jar;C:\Users\MMOREPAN\.m2\repository\org\springframework\security\spring-security-crypto\5.2.1.RELEASE\spring-security-crypto-5.2.1.RELEASE.jar;C:\Users\MMOREPAN\.m2\repository\org\springframework\spring-core\5.2.1.RELEASE\spring-core-5.2.1.RELEASE.jar;C:\Users\MMOREPAN\.m2\repository\org\springframework\spring-jcl\5.2.1.RELEASE\spring-jcl-5.2.1.RELEASE.jar;C:\Users\MMOREPAN\.m2\repository\io\projectreactor\reactor-core\3.3.0.RELEASE\reactor-core-3.3.0.RELEASE.jar;C:\Users\MMOREPAN\.m2\repository\io\springfox\springfox-spring-webflux\2.9.9\springfox-spring-webflux-2.9.9.jar;C:\Users\MMOREPAN\.m2\repository\org\reflections\reflections\0.9.11\reflections-0.9.11.jar;C:\Users\MMOREPAN\.m2\repository\org\javassist\javassist\3.21.0-GA\javassist-3.21.0-GA.jar;C:\Users\MMOREPAN\.m2\repository\org\springframework\plugin\spring-plugin-core\1.2.0.RELEASE\spring-plugin-core-1.2.0.RELEASE.jar;C:\Users\MMOREPAN\.m2\repository\org\springframework\plugin\spring-plugin-metadata\1.2.0.RELEASE\spring-plugin-metadata-1.2.0.RELEASE.jar;C:\Users\MMOREPAN\.m2\repository\io\springfox\springfox-swagger2\2.9.9\springfox-swagger2-2.9.9.jar;C:\Users\MMOREPAN\.m2\repository\io\swagger\swagger-models\1.5.14\swagger-models-1.5.14.jar;C:\Users\MMOREPAN\.m2\repository\org\mapstruct\mapstruct\1.2.0.Final\mapstruct-1.2.0.Final.jar;C:\Users\MMOREPAN\.m2\repository\io\springfox\springfox-swagger-ui\2.9.9\springfox-swagger-ui-2.9.9.jar;C:\Users\MMOREPAN\.m2\repository\jakarta\validation\jakarta.validation-api\2.0.1\jakarta.validation-api-2.0.1.jar;C:\Users\MMOREPAN\.m2\repository\javax\validation\validation-api\2.0.1.Final\validation-api-2.0.1.Final.jar;C:\Users\MMOREPAN\.m2\repository\org\springframework\spring-beans\5.2.1.RELEASE\spring-beans-5.2.1.RELEASE.jar;C:\Users\MMOREPAN\.m2\repository\org\springframework\spring-context\5.2.1.RELEASE\spring-context-5.2.1.RELEASE.jar;C:\Users\MMOREPAN\.m2\repository\org\springframework\spring-aop\5.2.1.RELEASE\spring-aop-5.2.1.RELEASE.jar;C:\Users\MMOREPAN\.m2\repository\org\springframework\spring-expression\5.2.1.RELEASE\spring-expression-5.2.1.RELEASE.jar;C:\Users\MMOREPAN\.m2\repository\org\springframework\spring-web\5.2.1.RELEASE\spring-web-5.2.1.RELEASE.jar;C:\Users\MMOREPAN\.m2\repository\org\springframework\spring-webflux\5.2.1.RELEASE\spring-webflux-5.2.1.RELEASE.jar;C:\Users\MMOREPAN\.m2\repository\org\springframework\boot\spring-boot\2.2.1.RELEASE\spring-boot-2.2.1.RELEASE.jar;C:\Users\MMOREPAN\.m2\repository\org\springframework\boot\spring-boot-autoconfigure\2.2.1.RELEASE\spring-boot-autoconfigure-2.2.1.RELEASE.jar;C:\Users\MMOREPAN\.m2\repository\org\springframework\boot\spring-boot-starter\2.2.1.RELEASE\spring-boot-starter-2.2.1.RELEASE.jar;C:\Users\MMOREPAN\.m2\repository\org\springframework\boot\spring-boot-starter-logging\2.2.1.RELEASE\spring-boot-starter-logging-2.2.1.RELEASE.jar;C:\Users\MMOREPAN\.m2\repository\ch\qos\logback\logback-classic\1.2.3\logback-classic-1.2.3.jar;C:\Users\MMOREPAN\.m2\repository\ch\qos\logback\logback-core\1.2.3\logback-core-1.2.3.jar;C:\Users\MMOREPAN\.m2\repository\org\apache\logging\log4j\log4j-to-slf4j\2.12.1\log4j-to-slf4j-2.12.1.jar;C:\Users\MMOREPAN\.m2\repository\org\apache\logging\log4j\log4j-api\2.12.1\log4j-api-2.12.1.jar;C:\Users\MMOREPAN\.m2\repository\org\slf4j\jul-to-slf4j\1.7.29\jul-to-slf4j-1.7.29.jar;C:\Users\MMOREPAN\.m2\repository\jakarta\annotation\jakarta.annotation-api\1.3.5\jakarta.annotation-api-1.3.5.jar;C:\Users\MMOREPAN\.m2\repository\org\yaml\snakeyaml\1.25\snakeyaml-1.25.jar;C:\Users\MMOREPAN\.m2\repository\org\springframework\boot\spring-boot-starter-actuator\2.2.1.RELEASE\spring-boot-starter-actuator-2.2.1.RELEASE.jar;C:\Users\MMOREPAN\.m2\repository\org\springframework\boot\spring-boot-actuator-autoconfigure\2.2.1.RELEASE\spring-boot-actuator-autoconfigure-2.2.1.RELEASE.jar;C:\Users\MMOREPAN\.m2\repository\org\springframework\boot\spring-boot-actuator\2.2.1.RELEASE\spring-boot-actuator-2.2.1.RELEASE.jar;C:\Users\MMOREPAN\.m2\repository\io\micrometer\micrometer-core\1.3.1\micrometer-core-1.3.1.jar;C:\Users\MMOREPAN\.m2\repository\org\hdrhistogram\HdrHistogram\2.1.11\HdrHistogram-2.1.11.jar;C:\Users\MMOREPAN\.m2\repository\org\latencyutils\LatencyUtils\2.0.3\LatencyUtils-2.0.3.jar;C:\Users\MMOREPAN\.m2\repository\org\springframework\boot\spring-boot-starter-webflux\2.2.1.RELEASE\spring-boot-starter-webflux-2.2.1.RELEASE.jar;C:\Users\MMOREPAN\.m2\repository\org\springframework\boot\spring-boot-starter-json\2.2.1.RELEASE\spring-boot-starter-json-2.2.1.RELEASE.jar;C:\Users\MMOREPAN\.m2\repository\com\fasterxml\jackson\module\jackson-module-parameter-names\2.10.0\jackson-module-parameter-names-2.10.0.jar;C:\Users\MMOREPAN\.m2\repository\org\springframework\boot\spring-boot-starter-reactor-netty\2.2.1.RELEASE\spring-boot-starter-reactor-netty-2.2.1.RELEASE.jar;C:\Users\MMOREPAN\.m2\repository\io\projectreactor\netty\reactor-netty\0.9.1.RELEASE\reactor-netty-0.9.1.RELEASE.jar;C:\Users\MMOREPAN\.m2\repository\io\netty\netty-codec-http\4.1.43.Final\netty-codec-http-4.1.43.Final.jar;C:\Users\MMOREPAN\.m2\repository\io\netty\netty-common\4.1.43.Final\netty-common-4.1.43.Final.jar;C:\Users\MMOREPAN\.m2\repository\io\netty\netty-buffer\4.1.43.Final\netty-buffer-4.1.43.Final.jar;C:\Users\MMOREPAN\.m2\repository\io\netty\netty-transport\4.1.43.Final\netty-transport-4.1.43.Final.jar;C:\Users\MMOREPAN\.m2\repository\io\netty\netty-resolver\4.1.43.Final\netty-resolver-4.1.43.Final.jar;C:\Users\MMOREPAN\.m2\repository\io\netty\netty-codec\4.1.43.Final\netty-codec-4.1.43.Final.jar;C:\Users\MMOREPAN\.m2\repository\io\netty\netty-codec-http2\4.1.43.Final\netty-codec-http2-4.1.43.Final.jar;C:\Users\MMOREPAN\.m2\repository\io\netty\netty-handler\4.1.43.Final\netty-handler-4.1.43.Final.jar;C:\Users\MMOREPAN\.m2\repository\io\netty\netty-handler-proxy\4.1.43.Final\netty-handler-proxy-4.1.43.Final.jar;C:\Users\MMOREPAN\.m2\repository\io\netty\netty-codec-socks\4.1.43.Final\netty-codec-socks-4.1.43.Final.jar;C:\Users\MMOREPAN\.m2\repository\io\netty\netty-transport-native-epoll\4.1.43.Final\netty-transport-native-epoll-4.1.43.Final-linux-x86_64.jar;C:\Users\MMOREPAN\.m2\repository\io\netty\netty-transport-native-unix-common\4.1.43.Final\netty-transport-native-unix-common-4.1.43.Final.jar;C:\Users\MMOREPAN\.m2\repository\org\glassfish\jakarta.el\3.0.3\jakarta.el-3.0.3.jar;C:\Users\MMOREPAN\.m2\repository\org\synchronoss\cloud\nio-multipart-parser\1.1.0\nio-multipart-parser-1.1.0.jar;C:\Users\MMOREPAN\.m2\repository\org\synchronoss\cloud\nio-stream-storage\1.1.3\nio-stream-storage-1.1.3.jar;C:\Users\MMOREPAN\.m2\repository\org\projectlombok\lombok\1.18.10\lombok-1.18.10.jar;C:\Users\MMOREPAN\.m2\repository\org\junit\jupiter\junit-jupiter-api\5.5.2\junit-jupiter-api-5.5.2.jar;C:\Users\MMOREPAN\.m2\repository\org\apiguardian\apiguardian-api\1.1.0\apiguardian-api-1.1.0.jar;C:\Users\MMOREPAN\.m2\repository\org\opentest4j\opentest4j\1.2.0\opentest4j-1.2.0.jar;C:\Users\MMOREPAN\.m2\repository\org\junit\platform\junit-platform-commons\1.5.2\junit-platform-commons-1.5.2.jar;C:\Users\MMOREPAN\.m2\repository\org\hamcrest\hamcrest-core\2.1\hamcrest-core-2.1.jar;C:\Users\MMOREPAN\.m2\repository\org\hamcrest\hamcrest\2.1\hamcrest-2.1.jar;C:\Users\MMOREPAN\.m2\repository\org\springframework\boot\spring-boot-starter-test\2.2.1.RELEASE\spring-boot-starter-test-2.2.1.RELEASE.jar;C:\Users\MMOREPAN\.m2\repository\com\jayway\jsonpath\json-path\2.4.0\json-path-2.4.0.jar;C:\Users\MMOREPAN\.m2\repository\net\minidev\json-smart\2.3\json-smart-2.3.jar;C:\Users\MMOREPAN\.m2\repository\net\minidev\accessors-smart\1.2\accessors-smart-1.2.jar;C:\Users\MMOREPAN\.m2\repository\org\ow2\asm\asm\5.0.4\asm-5.0.4.jar;C:\Users\MMOREPAN\.m2\repository\org\junit\jupiter\junit-jupiter\5.5.2\junit-jupiter-5.5.2.jar;C:\Users\MMOREPAN\.m2\repository\org\junit\jupiter\junit-jupiter-params\5.5.2\junit-jupiter-params-5.5.2.jar;C:\Users\MMOREPAN\.m2\repository\org\junit\jupiter\junit-jupiter-engine\5.5.2\junit-jupiter-engine-5.5.2.jar;C:\Users\MMOREPAN\.m2\repository\org\junit\platform\junit-platform-engine\1.5.2\junit-platform-engine-1.5.2.jar;C:\Users\MMOREPAN\.m2\repository\org\mockito\mockito-junit-jupiter\3.1.0\mockito-junit-jupiter-3.1.0.jar;C:\Users\MMOREPAN\.m2\repository\org\assertj\assertj-core\3.13.2\assertj-core-3.13.2.jar;C:\Users\MMOREPAN\.m2\repository\org\mockito\mockito-core\3.1.0\mockito-core-3.1.0.jar;C:\Users\MMOREPAN\.m2\repository\net\bytebuddy\byte-buddy-agent\1.10.2\byte-buddy-agent-1.10.2.jar;C:\Users\MMOREPAN\.m2\repository\org\objenesis\objenesis\2.6\objenesis-2.6.jar;C:\Users\MMOREPAN\.m2\repository\org\skyscreamer\jsonassert\1.5.0\jsonassert-1.5.0.jar;C:\Users\MMOREPAN\.m2\repository\com\vaadin\external\google\android-json\0.0.20131108.vaadin1\android-json-0.0.20131108.vaadin1.jar;C:\Users\MMOREPAN\.m2\repository\org\xmlunit\xmlunit-core\2.6.3\xmlunit-core-2.6.3.jar;C:\Users\MMOREPAN\.m2\repository\org\springframework\boot\spring-boot-test\2.2.1.RELEASE\spring-boot-test-2.2.1.RELEASE.jar;C:\Users\MMOREPAN\.m2\repository\org\springframework\boot\spring-boot-test-autoconfigure\2.2.1.RELEASE\spring-boot-test-autoconfigure-2.2.1.RELEASE.jar;C:\Users\MMOREPAN\.m2\repository\org\springframework\spring-test\5.2.1.RELEASE\spring-test-5.2.1.RELEASE.jar;C:\Users\MMOREPAN\.m2\repository\io\swagger\swagger-annotations\1.5.24\swagger-annotations-1.5.24.jar;C:\Users\MMOREPAN\.m2\repository\org\slf4j\slf4j-api\1.7.29\slf4j-api-1.7.29.jar;C:\Users\MMOREPAN\.m2\repository\com\google\guava\guava\24.0-jre\guava-24.0-jre.jar;C:\Users\MMOREPAN\.m2\repository\com\google\code\findbugs\jsr305\1.3.9\jsr305-1.3.9.jar;C:\Users\MMOREPAN\.m2\repository\org\checkerframework\checker-compat-qual\2.0.0\checker-compat-qual-2.0.0.jar;C:\Users\MMOREPAN\.m2\repository\com\google\errorprone\error_prone_annotations\2.1.3\error_prone_annotations-2.1.3.jar;C:\Users\MMOREPAN\.m2\repository\com\google\j2objc\j2objc-annotations\1.1\j2objc-annotations-1.1.jar;C:\Users\MMOREPAN\.m2\repository\org\codehaus\mojo\animal-sniffer-annotations\1.14\animal-sniffer-annotations-1.14.jar;"/>
    <property name="sun.cpu.endian" value="little"/>
    <property name="user.home" value="C:\Users\MMOREPAN"/>
    <property name="user.language" value="es"/>
    <property name="git.closest.tag.commit.count" value=""/>
    <property name="java.specification.vendor" value="Oracle Corporation"/>
    <property name="java.home" value="C:\Program Files\Java\jdk1.8.0_191\jre"/>
    <property name="git.total.commit.count" value="1"/>
    <property name="file.separator" value="\"/>
    <property name="basedir" value="C:\Users\MMOREPAN\groovyws\ms-demo-shared-library"/>
    <property name="line.separator" value="&#10;"/>
    <property name="java.vm.specification.vendor" value="Oracle Corporation"/>
    <property name="java.specification.name" value="Java Platform API Specification"/>
    <property name="java.awt.graphicsenv" value="sun.awt.Win32GraphicsEnvironment"/>
    <property name="git.closest.tag.name" value=""/>
    <property name="git.local.branch.ahead" value="NO_REMOTE"/>
    <property name="git.build.time" value="2020-10-14T07:07:15-0500"/>
    <property name="surefire.real.class.path" value="C:\Users\MMOREPAN\AppData\Local\Temp\surefire4612760954082857547\surefirebooter6171906984327503889.jar;C:\\Users\\MMOREPAN\\.m2\\repository\\org\\jacoco\\org.jacoco.agent\\0.8.5\\org.jacoco.agent-0.8.5-runtime.jar"/>
    <property name="git.commit.message.full" value="Initial commit"/>
    <property name="sun.boot.class.path" value="C:\Program Files\Java\jdk1.8.0_191\jre\lib\resources.jar;C:\Program Files\Java\jdk1.8.0_191\jre\lib\rt.jar;C:\Program Files\Java\jdk1.8.0_191\jre\lib\sunrsasign.jar;C:\Program Files\Java\jdk1.8.0_191\jre\lib\jsse.jar;C:\Program Files\Java\jdk1.8.0_191\jre\lib\jce.jar;C:\Program Files\Java\jdk1.8.0_191\jre\lib\charsets.jar;C:\Program Files\Java\jdk1.8.0_191\jre\lib\jfr.jar;C:\Program Files\Java\jdk1.8.0_191\jre\classes"/>
    <property name="user.script" value=""/>
    <property name="sun.management.compiler" value="HotSpot 64-Bit Tiered Compilers"/>
    <property name="java.runtime.version" value="1.8.0_191-b12"/>
    <property name="user.name" value="mmorepan"/>
    <property name="path.separator" value=";"/>
    <property name="os.version" value="10.0"/>
    <property name="java.endorsed.dirs" value="C:\Program Files\Java\jdk1.8.0_191\jre\lib\endorsed"/>
    <property name="java.runtime.name" value="Java(TM) SE Runtime Environment"/>
    <property name="file.encoding" value="Cp1252"/>
    <property name="git.commit.user.email" value="anymore93@hotmail.com"/>
    <property name="java.vm.name" value="Java HotSpot(TM) 64-Bit Server VM"/>
    <property name="git.local.branch.behind" value="NO_REMOTE"/>
    <property name="git.dirty" value="false"/>
    <property name="localRepository" value="C:\Users\MMOREPAN\.m2\repository"/>
    <property name="java.vendor.url.bug" value="http://bugreport.sun.com/bugreport/"/>
    <property name="java.io.tmpdir" value="C:\Users\MMOREPAN\AppData\Local\Temp\"/>
    <property name="java.version" value="1.8.0_191"/>
    <property name="user.dir" value="C:\Users\MMOREPAN\groovyws\ms-demo-shared-library"/>
    <property name="os.arch" value="amd64"/>
    <property name="git.commit.user.name" value="jhonsec"/>
    <property name="git.commit.id.abbrev" value="257f51a"/>
    <property name="java.vm.specification.name" value="Java Virtual Machine Specification"/>
    <property name="java.awt.printerjob" value="sun.awt.windows.WPrinterJob"/>
    <property name="git.commit.id.describe-short" value="257f51a"/>
    <property name="sun.os.patch.level" value=""/>
    <property name="git.commit.id.describe" value="257f51a"/>
    <property name="git.commit.message.short" value="Initial commit"/>
    <property name="java.library.path" value="C:\Program Files\Java\jdk1.8.0_191\jre\bin;C:\WINDOWS\Sun\Java\bin;C:\WINDOWS\system32;C:\WINDOWS;C:\Program Files (x86)\IBM\WebSphere MQ\java\lib;C:\Program Files (x86)\IBM\WebSphere MQ\java\lib64;C:\Program Files (x86)\Microsoft SDKs\Azure\CLI2\wbin;C:\Program Files (x86)\Common Files\Oracle\Java\javapath;C:\WINDOWS\system32;C:\WINDOWS;C:\WINDOWS\System32\Wbem;C:\WINDOWS\System32\WindowsPowerShell\v1.0\;C:\WINDOWS\System32\OpenSSH\;C:\Program Files (x86)\BaseX\bin;C:\Program Files\MongoDB\Server\4.2\bin;C:\Users\MMOREPAN\Downloads\apache-maven-3.6.3\bin;C:\Users\MMOREPAN\Downloads\wildfly-18.0.1.Final\bin;C:\Program Files\Java\jdk1.8.0_191\bin;C:\Program Files\dotnet\;C:\Users\MMOREPAN\Documents\003-devs\SPRINT17-DEVOPS-APIM\sonar-msbuild\sonar-scanner-msbuild-4.9.0.17385-net46;C:\Users\MMOREPAN\Downloads\jq-win64;C:\Program Files\PuTTY\;C:\Program Files\Git\cmd;C:\Program Files\nodejs\;C:\Program Files (x86)\IBM\WebSphere MQ\bin64;C:\Program Files (x86)\IBM\WebSphere MQ\bin;C:\Program Files (x86)\IBM\WebSphere MQ\tools\c\samples\bin;C:\Program Files\Docker\Docker\resources\bin;C:\ProgramData\DockerDesktop\version-bin;C:\Users\MMOREPAN\Downloads\groovy-3.0.4\bin;C:\Go\bin;C:\Program Files\helm\windows-amd64;C:\Users\MMOREPAN\scoop\shims;C:\Users\MMOREPAN\.windows-build-tools\python27;C:\Program Files\MySQL\MySQL Shell 8.0\bin\;C:\Users\MMOREPAN\AppData\Local\Microsoft\WindowsApps;C:\Users\MMOREPAN\AppData\Local\Programs\Microsoft VS Code\bin;C:\Users\MMOREPAN\AppData\Roaming\npm;C:\Program Files\JetBrains\IntelliJ IDEA 2020.1\bin;;C:\Program Files\JetBrains\IntelliJ IDEA Community Edition 2020.1\bin;C:\Users\MMOREPAN\.dotnet\tools;C:\Users\MMOREPAN\go\bin;C:\Program Files\IBM\Cloud\bin;."/>
    <property name="java.vendor" value="Oracle Corporation"/>
    <property name="java.vm.info" value="mixed mode"/>
    <property name="java.vm.version" value="25.191-b12"/>
    <property name="sun.io.unicode.encoding" value="UnicodeLittle"/>
    <property name="java.ext.dirs" value="C:\Program Files\Java\jdk1.8.0_191\jre\lib\ext;C:\WINDOWS\Sun\Java\lib\ext"/>
    <property name="java.class.version" value="52.0"/>
    <property name="git.commit.time" value="2020-10-10T09:45:11-0500"/>
    <property name="git.remote.origin.url" value="git@github.com:jhonsec/ms-demo-shared-library.git"/>
  </properties>
  <testcase name="contextLoads" classname="com.tdp.ms.demo.DemoApplicationTests" time="0.781"/>
</testsuite>